<?xml version="1.0" encoding="UTF-8"?>
<!-- Generated by org.testng.reporters.JUnitReportReporter -->
<testsuite hostname="DESKTOP-R26LVLG" failures="0" tests="1" name="com.juaracoding.pageobject.TestRandomPokemon" time="1.869" errors="0" timestamp="2022-08-15T21:21:07 ICT" skipped="0">
  <testcase classname="com.juaracoding.pageobject.TestRandomPokemon" name="TestInvalidLogin" time="1.869"/>
  <system-out/>
</testsuite> <!-- com.juaracoding.pageobject.TestRandomPokemon -->
