<?xml version="1.0" encoding="UTF-8"?>
<!-- Generated by org.testng.reporters.JUnitReportReporter -->
<testsuite hostname="DESKTOP-R26LVLG" failures="0" tests="1" name="com.juaracoding.pageobject.TestLoginSiloam" time="5.621" errors="0" timestamp="2022-08-15T21:02:24 ICT" skipped="0">
  <testcase classname="com.juaracoding.pageobject.TestLoginSiloam" name="TestInvalidLogin" time="5.621"/>
  <system-out/>
</testsuite> <!-- com.juaracoding.pageobject.TestLoginSiloam -->
