<?xml version="1.0" encoding="UTF-8"?>
<!-- Generated by org.testng.reporters.JUnitReportReporter -->
<testsuite hostname="DESKTOP-R26LVLG" failures="0" tests="2" name="com.juaracoding.pageobject.TestAlert" time="12.626" errors="0" timestamp="2022-08-16T21:17:33 ICT" skipped="0">
  <testcase classname="com.juaracoding.pageobject.TestAlert" name="testAlertTwo" time="5.255"/>
  <system-out/>
  <testcase classname="com.juaracoding.pageobject.TestAlert" name="testAlertOne" time="7.371"/>
  <system-out/>
</testsuite> <!-- com.juaracoding.pageobject.TestAlert -->
