<?xml version="1.0" encoding="UTF-8"?>
<!-- Generated by org.testng.reporters.JUnitReportReporter -->
<testsuite hostname="DESKTOP-R26LVLG" failures="0" tests="1" name="com.juaracoding.pageobject.TestModal" time="5.147" errors="0" timestamp="2022-08-19T14:27:51 ICT" skipped="0">
  <testcase classname="com.juaracoding.pageobject.TestModal" name="testModal" time="5.147"/>
  <system-out/>
</testsuite> <!-- com.juaracoding.pageobject.TestModal -->
