<?xml version="1.0" encoding="UTF-8"?>
<!-- Generated by org.testng.reporters.JUnitReportReporter -->
<testsuite hostname="DESKTOP-R26LVLG" failures="0" tests="1" name="com.juaracoding.pageobject.TestWishlist" time="1.928" errors="0" timestamp="2022-08-22T22:08:26 ICT" skipped="0">
  <testcase classname="com.juaracoding.pageobject.TestWishlist" name="testSearch" time="1.928"/>
  <system-out/>
</testsuite> <!-- com.juaracoding.pageobject.TestWishlist -->
